[0mPOST /api/v1/auths/signup [33m404[0m 84.533 ms - 272[0m
[0mPOST /api/v1/auths/signup [33m404[0m 85.568 ms - 272[0m
[0mPOST /api/v1/auths/signup [33m404[0m 66.547 ms - 272[0m
[0mPOST /api/v1/auths/signup [33m404[0m 68.475 ms - 272[0m
[0mPOST /api/v1/auths/signup [33m404[0m 75.135 ms - 272[0m
[0mPOST /api/v1/auths/signup [33m400[0m 2.201 ms - 36[0m
[0mPOST /api/v1/auths/signup [32m201[0m 467.412 ms - 504[0m
[0mPOST /api/v1/auths/signin [32m200[0m 243.104 ms - 423[0m
[0mPUT /api/v1/auths [33m404[0m 1.405 ms - 151[0m
[0mPUT /api/v1/auths/resetpassword [32m200[0m 899.507 ms - 192[0m
[0mPOST /api/v1/auths [33m404[0m 1.754 ms - 152[0m
[0mPOST /api/v1/auths/resetpassword [33m400[0m 475.565 ms - 14[0m
[0mPOST /api/v1/auths/resetpassword [33m400[0m 1386.478 ms - 14[0m
[0mPOST /api/v1/auths/resetpassword [33m400[0m 426.515 ms - 14[0m
[0mPOST /api/v1/auths/resetpassword [33m400[0m 484.782 ms - 14[0m
[0mPOST /api/v1/auths/resetpassword [33m400[0m 448.316 ms - 14[0m
[0mPOST /api/v1/auths/resetpassword [33m400[0m 459.807 ms - 14[0m
[0mPOST /api/v1/auths/resetpassword [33m400[0m 515.222 ms - 14[0m
[0mPOST /api/v1/auths/resetpassword [33m400[0m 490.014 ms - 14[0m
[0mGET /api/v1/users/user/635c0e3dd2e7fcd04b1ef4e1 [32m200[0m 477.236 ms - 176[0m
[0mPOST /api/v1/auths/signup [32m201[0m 753.252 ms - 514[0m
[0mPOST /api/v1/products/product/ [0m-[0m - ms - -[0m
[0mPOST /api/v1/products/product/ [32m201[0m 734.292 ms - 491[0m
[0mPOST /api/v1/products/product/ [32m201[0m 1650.425 ms - 446[0m
[0mPOST /api/v1/products/product/ [32m201[0m 716.524 ms - 455[0m
[0mPOST /api/v1/products/product/ [32m201[0m 720.071 ms - 455[0m
[0mPOST /api/v1/products/product/ [32m201[0m 705.573 ms - 455[0m
[0mPOST /api/v1/products/product/ [32m201[0m 748.400 ms - 455[0m
[0mPOST /api/v1/products/product/ [32m201[0m 746.206 ms - 500[0m
[0mDELETE /api/v1/products/product/?id=635c2c06999cac0ecf564b68 [32m200[0m 8470.987 ms - 459[0m
[0mDELETE /api/v1/products/product/?id=635c2c06999cac0ecf564b68 [32m200[0m 563.094 ms - 459[0m
[0mGET /api/v1/products/product/635c28d2999cac0ecf564b59 [33m404[0m 410.073 ms - 46[0m
[0mPOST /api/v1/products/product/ [32m201[0m 702.410 ms - 500[0m
[0mPOST /api/v1/products/product/ [32m201[0m 708.813 ms - 500[0m
[0mGET /api/v1/products/product/635c298e999cac0ecf564b63 [32m200[0m 394.276 ms - 466[0m
[0mDELETE /api/v1/products/product/?id=635c298e999cac0ecf564b63 [33m401[0m 193.082 ms - 47[0m
[0mDELETE /api/v1/products/product/?id=635c298e999cac0ecf564b63 [32m200[0m 560.428 ms - 507[0m
[0mGET /api/v1/products/product [32m200[0m 1214.685 ms - 842[0m
[0mPATCH /api/v1/carts/cart/add/633a09e493769ec0530023f8 [33m404[0m 354.474 ms - 76[0m
[0mPATCH /api/v1/carts/cart/add/635c298e999cac0ecf564b63 [33m404[0m 338.511 ms - 76[0m
[0mPATCH /api/v1/carts/cart/add/635c28d2999cac0ecf564b59 [32m200[0m 951.697 ms - 734[0m
[0mPOST /api/v1/auths/signup [32m201[0m 834.471 ms - 510[0m
[0mPATCH /api/v1/carts/cart/add/635c3e4cc25b3d2b4967295a [31m500[0m 751.722 ms - 196[0m
[0mPATCH /api/v1/carts/cart/add/635c3e4cc25b3d2b4967295a [31m500[0m 568.188 ms - 60[0m
[0mPATCH /api/v1/carts/cart/add/635c3e4cc25b3d2b4967295a [31m500[0m 596.065 ms - 73[0m
[0mPATCH /api/v1/carts/cart/add/635c3e4cc25b3d2b4967295a [31m500[0m 768.752 ms - 176[0m
[0mPATCH /api/v1/carts/cart/add/635c3e4cc25b3d2b4967295a [31m500[0m 562.123 ms - 176[0m
[0mPATCH /api/v1/carts/cart/add/635c3e4cc25b3d2b4967295a [31m500[0m 567.099 ms - 176[0m
[0mPATCH /api/v1/carts/cart/add/635c3e4cc25b3d2b4967295a [31m500[0m 538.921 ms - 176[0m
[0mPATCH /api/v1/carts/cart/add/635c3e4cc25b3d2b4967295a [31m500[0m 392.990 ms - 67[0m
[0mPATCH /api/v1/carts/cart/add/635c3e4cc25b3d2b4967295a [32m200[0m 774.029 ms - 715[0m
[0mGET /api/v1/products/product/635c298e999cac0ecf564b63 [32m200[0m 369.804 ms - 447[0m
[0mGET /api/v1/products/product/635c298e999cac0ecf564b63 [32m200[0m 319.304 ms - 447[0m
[0mGET /api/v1/products/product/635c298e999cac0ecf564b63 [32m200[0m 410.106 ms - 466[0m
[0mPATCH /api/v1/carts/cart/add/635c3e4cc25b3d2b4967295a [32m200[0m 946.966 ms - 734[0m
[0mPATCH /api/v1/carts/cart/add/635c3e4cc25b3d2b4967295a [32m200[0m 981.802 ms - 734[0m
[0mPATCH /api/v1/carts/cart/add/635c3e4cc25b3d2b4967295a [32m200[0m 4652.108 ms - 734[0m
[0mPATCH /api/v1/carts/cart/remove/635c3e4cc25b3d2b4967295a [32m200[0m 1012.309 ms - 760[0m
[0mPATCH /api/v1/carts/cart/remove/635c3e4cc25b3d2b4967295a [32m200[0m 894.813 ms - 760[0m
[0mPOST /api/v1/products/product/ [32m201[0m 724.853 ms - 518[0m
[0mPOST /api/v1/products/product/ [32m201[0m 688.721 ms - 485[0m
[0mPOST /api/v1/products/product/ [32m201[0m 732.001 ms - 494[0m
[0mPOST /api/v1/products/product/ [32m201[0m 748.510 ms - 494[0m
[0mPOST /api/v1/products/product/ [32m201[0m 646.335 ms - 494[0m
[0mPOST /api/v1/products/product/ [32m201[0m 672.289 ms - 494[0m
[0mPATCH /api/v1/carts/cart/add/635c3e4cc25b3d2b4967295a [32m200[0m 1105.582 ms - 1266[0m
[0mPATCH /api/v1/carts/cart/add/635c3e4cc25b3d2b4967295a [32m200[0m 888.753 ms - 1266[0m
[0mPATCH /api/v1/carts/cart/add/635c3e4cc25b3d2b4967295a [32m200[0m 920.115 ms - 1267[0m
[0mPATCH /api/v1/carts/cart/add/635c3e4cc25b3d2b4967295a [32m200[0m 905.828 ms - 1267[0m
[0mPATCH /api/v1/carts/cart/add/635c3e4cc25b3d2b4967295a [32m200[0m 878.660 ms - 1268[0m
[0mPATCH /api/v1/carts/cart/remove/635c3e4cc25b3d2b4967295a [32m200[0m 1133.706 ms - 1293[0m
[0mPATCH /api/v1/carts/cart/remove/635c3e4cc25b3d2b4967295a [32m200[0m 930.593 ms - 1293[0m
[0mPATCH /api/v1/carts/cart/remove/635c3e4cc25b3d2b4967295a [32m200[0m 1086.454 ms - 1292[0m
[0mPATCH /api/v1/carts/cart/add/635c3e4cc25b3d2b4967295a [31m500[0m 682.948 ms - 49[0m
[0mPATCH /api/v1/carts/cart/add/635c3e4cc25b3d2b4967295a [32m200[0m 919.499 ms - 1267[0m
[0mPATCH /api/v1/carts/cart/add/635c3e4cc25b3d2b4967295a [32m200[0m 866.649 ms - 1267[0m
[0mPATCH /api/v1/carts/cart/add/635c3e4cc25b3d2b4967295a [33m400[0m 685.183 ms - 61[0m
[0mPATCH /api/v1/carts/cart/remove/635c3e4cc25b3d2b4967295a [32m200[0m 903.706 ms - 1293[0m
[0mPATCH /api/v1/carts/cart/remove/635c3e4cc25b3d2b4967295a [32m200[0m 900.957 ms - 1292[0m
[0mPATCH /api/v1/carts/cart/add/635c3e4cc25b3d2b4967295a [32m200[0m 909.676 ms - 1267[0m
[0mPATCH /api/v1/carts/cart/add/635c3e4cc25b3d2b4967295a [32m200[0m 853.879 ms - 1267[0m
[0mPATCH /api/v1/carts/cart/add/635c3e4cc25b3d2b4967295a [33m400[0m 725.902 ms - 61[0m
[0mPATCH /api/v1/carts/cart/remove/635c3e4cc25b3d2b4967295a [32m200[0m 915.221 ms - 1293[0m
[0mPATCH /api/v1/carts/cart/remove/635c3e4cc25b3d2b4967295a [32m200[0m 855.931 ms - 1292[0m
[0mPATCH /api/v1/carts/cart/add/635c3e4cc25b3d2b4967295a [32m200[0m 891.759 ms - 1267[0m
[0mPATCH /api/v1/carts/cart/remove/635c3e4cc25b3d2b4967295a [32m200[0m 1759.076 ms - 1292[0m
[0mPATCH /api/v1/carts/cart/remove/635c3e4cc25b3d2b4967295a [32m200[0m 910.603 ms - 1292[0m
[0mGET /api/v1/carts/cart/635c3e4cc25b3d2b4967295a [33m401[0m 0.448 ms - 27[0m
[0mGET /api/v1/carts/cart/635c3e4cc25b3d2b4967295a [32m200[0m 1408.596 ms - 1268[0m
[0mPOST /api/v1/orders/order/create/633a09e493769ec0530023f8 [33m404[0m 1285.757 ms - 27[0m
[0mPOST /api/v1/orders/order/create/635c3e4cc25b3d2b4967295a [32m200[0m 1094.080 ms - 965[0m
[0mGET /api/v1/carts/cart/635c3e4cc25b3d2b4967295a [32m200[0m 559.517 ms - 1268[0m
[0mPOST /api/v1/orders/order/create/635c3e4cc25b3d2b4967295a [32m200[0m 1111.078 ms - 1479[0m
[0mPATCH /api/v1/orders/order/update/633a09e493769ec0530023f8 [33m401[0m 0.938 ms - 27[0m
[0mPATCH /api/v1/orders/order/update/635c3e4cc25b3d2b4967295a [32m200[0m 723.413 ms - 63[0m
[0mGET /api/v1/orders/order/635c3e4cc25b3d2b4967295a [32m200[0m 745.385 ms - 224[0m
[0mDELETE /api/v1/orders/order/635c3e4cc25b3d2b4967295a [33m400[0m 654.324 ms - 85[0m
[0mDELETE /api/v1/orders/order/635c3e4cc25b3d2b4967295a [33m400[0m 539.477 ms - 85[0m
[0mDELETE /api/v1/orders/order/635c3e4cc25b3d2b4967295a [33m400[0m 622.732 ms - 85[0m
